
Showing logs for build [32mcb-kubecd-environment-pr-184-62-8jgfm-1[0m stage [32mfrom-build-pack[0m and container [32mstep-credential-initializer-2x4fh[0m
{"level":"warn","ts":1584596586.8672764,"logger":"fallback-logger","caller":"logging/config.go:69","msg":"Fetch GitHub commit ID from kodata failed: \"ref: refs/heads/0.8.0-**-support-backwards-incompats\" is not a valid GitHub commit ID"}
{"level":"info","ts":1584596586.869385,"logger":"fallback-logger","caller":"creds-init/main.go:40","msg":"Credentials initialized."}

Showing logs for build [32mcb-kubecd-environment-pr-184-62-8jgfm-1[0m stage [32mfrom-build-pack[0m and container [32mstep-working-dir-initializer-q5w7w[0m
{"level":"warn","ts":1584596587.9502535,"logger":"fallback-logger","caller":"logging/config.go:69","msg":"Fetch GitHub commit ID from kodata failed: open /var/run/ko/HEAD: no such file or directory"}
{"level":"info","ts":1584596587.9541862,"logger":"fallback-logger","caller":"bash/main.go:64","msg":"Successfully executed command \"sh -c mkdir -p /workspace/source\"; output "}

Showing logs for build [32mcb-kubecd-environment-pr-184-62-8jgfm-1[0m stage [32mfrom-build-pack[0m and container [32mstep-place-tools[0m

Showing logs for build [32mcb-kubecd-environment-pr-184-62-8jgfm-1[0m stage [32mfrom-build-pack[0m and container [32mstep-git-source-cb-kubecd-environment-pr-184-62-8jgfm-dhrkl[0m
{"level":"warn","ts":1584596593.0333118,"logger":"fallback-logger","caller":"logging/config.go:69","msg":"Fetch GitHub commit ID from kodata failed: \"ref: refs/heads/0.8.0-**-support-backwards-incompats\" is not a valid GitHub commit ID"}
{"level":"info","ts":1584596594.1645153,"logger":"fallback-logger","caller":"git/git.go:103","msg":"Successfully cloned https://github.com/cb-kubecd/environment-pr-184-62-boot-gke-staging.git @ master in path /workspace/source"}

Showing logs for build [32mcb-kubecd-environment-pr-184-62-8jgfm-1[0m stage [32mfrom-build-pack[0m and container [32mstep-git-merge[0m
Using SHAs from PULL_REFS=master:f9ccab93d243fd981eaa4d839e92e104b2a42ed2,2:7c21cc3efdd1a1b223d0c4a30e694dda9c6307ed
DEBUG: JX_LOG_LEVEL=error LC_ALL=C git fetch origin --unshallow 7c21cc3efdd1a1b223d0c4a30e694dda9c6307ed: f9ccab93d243fd981eaa4d839e92e104b2a42ed2:
DEBUG: ran git fetch --unshallow origin 7c21cc3efdd1a1b223d0c4a30e694dda9c6307ed: f9ccab93d243fd981eaa4d839e92e104b2a42ed2: in 
DEBUG: LC_ALL=C JX_LOG_LEVEL=error git branch
DEBUG: LC_ALL=C JX_LOG_LEVEL=error git checkout master
DEBUG: ran git checkout master in 
DEBUG: LC_ALL=C JX_LOG_LEVEL=error git reset --hard f9ccab93d243fd981eaa4d839e92e104b2a42ed2
DEBUG: ran git reset --hard f9ccab93d243fd981eaa4d839e92e104b2a42ed2 in 
DEBUG: LC_ALL=C JX_LOG_LEVEL=error git clean -fd .
DEBUG: ran clean --force -d . in 
DEBUG: LC_ALL=C JX_LOG_LEVEL=error git merge 7c21cc3efdd1a1b223d0c4a30e694dda9c6307ed
DEBUG: ran git merge 7c21cc3efdd1a1b223d0c4a30e694dda9c6307ed in 
DEBUG: LC_ALL=C JX_LOG_LEVEL=error git log --format=%H%x1f%an%x1f%ae%x1f%cn%x1f%ce%x1f%s%n%b%x1e f9ccab93d243fd981eaa4d839e92e104b2a42ed2..HEAD
Merged SHA 7c21cc3efdd1a1b223d0c4a30e694dda9c6307ed with commit message 'chore: Promote bdd-nh-1584596262 to version 0.0.2' into base branch master

Showing logs for build [32mcb-kubecd-environment-pr-184-62-8jgfm-1[0m stage [32mfrom-build-pack[0m and container [32mstep-build-helm-build[0m
WARNING: No $CHART_REPOSITORY defined so using the default value of: http://jenkins-x-chartmuseum:8080
Adding missing Helm repo: storage.googleapis.com https://storage.googleapis.com/chartmuseum.jenkins-x.io
WARNING: No secrets found on "helm/repos" due: reading the secret "helm/repos" from vault: no secret "helm/repos" not found in vault
Read credentials for https://storage.googleapis.com/chartmuseum.jenkins-x.io from vault helm/repos
Successfully added Helm repository storage.googleapis.com.
Adding missing Helm repo: jenkins-x-chartmuseum http://jenkins-x-chartmuseum:8080
WARNING: No secrets found on "helm/repos" due: reading the secret "helm/repos" from vault: no secret "helm/repos" not found in vault
Read credentials for http://jenkins-x-chartmuseum:8080 from vault helm/repos
Successfully added Helm repository jenkins-x-chartmuseum.
WARNING: No $CHART_REPOSITORY defined so using the default value of: http://jenkins-x-chartmuseum:8080
Adding missing Helm repo: chartmuseum.jenkins-x.io http://chartmuseum.jenkins-x.io
WARNING: No secrets found on "helm/repos" due: reading the secret "helm/repos" from vault: no secret "helm/repos" not found in vault
Read credentials for http://chartmuseum.jenkins-x.io from vault helm/repos
Successfully added Helm repository chartmuseum.jenkins-x.io.
