
Showing logs for build [32mcb-kubecd-environment-pr-184-62-dhgh6-1[0m stage [32mfrom-build-pack[0m and container [32mstep-credential-initializer-vsftv[0m
{"level":"warn","ts":1584596857.401525,"logger":"fallback-logger","caller":"logging/config.go:69","msg":"Fetch GitHub commit ID from kodata failed: \"ref: refs/heads/0.8.0-**-support-backwards-incompats\" is not a valid GitHub commit ID"}
{"level":"info","ts":1584596857.4043136,"logger":"fallback-logger","caller":"creds-init/main.go:40","msg":"Credentials initialized."}

Showing logs for build [32mcb-kubecd-environment-pr-184-62-dhgh6-1[0m stage [32mfrom-build-pack[0m and container [32mstep-working-dir-initializer-65fch[0m
{"level":"warn","ts":1584596858.2547677,"logger":"fallback-logger","caller":"logging/config.go:69","msg":"Fetch GitHub commit ID from kodata failed: open /var/run/ko/HEAD: no such file or directory"}
{"level":"info","ts":1584596858.2580445,"logger":"fallback-logger","caller":"bash/main.go:64","msg":"Successfully executed command \"sh -c mkdir -p /workspace/source\"; output "}

Showing logs for build [32mcb-kubecd-environment-pr-184-62-dhgh6-1[0m stage [32mfrom-build-pack[0m and container [32mstep-place-tools[0m

Showing logs for build [32mcb-kubecd-environment-pr-184-62-dhgh6-1[0m stage [32mfrom-build-pack[0m and container [32mstep-git-source-cb-kubecd-environment-pr-184-62-dhgh6-cxtcw[0m
{"level":"warn","ts":1584596863.5839543,"logger":"fallback-logger","caller":"logging/config.go:69","msg":"Fetch GitHub commit ID from kodata failed: \"ref: refs/heads/0.8.0-**-support-backwards-incompats\" is not a valid GitHub commit ID"}
{"level":"info","ts":1584596864.7355716,"logger":"fallback-logger","caller":"git/git.go:103","msg":"Successfully cloned https://github.com/cb-kubecd/environment-pr-184-62-boot-gke-staging.git @ master in path /workspace/source"}

Showing logs for build [32mcb-kubecd-environment-pr-184-62-dhgh6-1[0m stage [32mfrom-build-pack[0m and container [32mstep-git-merge[0m
Using SHAs from PULL_REFS=master:4daa734a4f4a9f08e4872d55e2975a0894e4d9a4,3:ca9960ae6061340b3ec085d5e0da650efbfabac7
DEBUG: LC_ALL=C JX_LOG_LEVEL=error git fetch origin --unshallow ca9960ae6061340b3ec085d5e0da650efbfabac7: 4daa734a4f4a9f08e4872d55e2975a0894e4d9a4:
DEBUG: ran git fetch --unshallow origin ca9960ae6061340b3ec085d5e0da650efbfabac7: 4daa734a4f4a9f08e4872d55e2975a0894e4d9a4: in 
DEBUG: LC_ALL=C JX_LOG_LEVEL=error git branch
DEBUG: LC_ALL=C JX_LOG_LEVEL=error git checkout master
DEBUG: ran git checkout master in 
DEBUG: JX_LOG_LEVEL=error LC_ALL=C git reset --hard 4daa734a4f4a9f08e4872d55e2975a0894e4d9a4
DEBUG: ran git reset --hard 4daa734a4f4a9f08e4872d55e2975a0894e4d9a4 in 
DEBUG: LC_ALL=C JX_LOG_LEVEL=error git clean -fd .
DEBUG: ran clean --force -d . in 
DEBUG: LC_ALL=C JX_LOG_LEVEL=error git merge ca9960ae6061340b3ec085d5e0da650efbfabac7
DEBUG: ran git merge ca9960ae6061340b3ec085d5e0da650efbfabac7 in 
DEBUG: LC_ALL=C JX_LOG_LEVEL=error git log --format=%H%x1f%an%x1f%ae%x1f%cn%x1f%ce%x1f%s%n%b%x1e 4daa734a4f4a9f08e4872d55e2975a0894e4d9a4..HEAD
Merged SHA ca9960ae6061340b3ec085d5e0da650efbfabac7 with commit message 'chore: Promote bdd-sbhg-1584596262 to version 0.0.1' into base branch master

Showing logs for build [32mcb-kubecd-environment-pr-184-62-dhgh6-1[0m stage [32mfrom-build-pack[0m and container [32mstep-build-helm-build[0m
WARNING: No $CHART_REPOSITORY defined so using the default value of: http://jenkins-x-chartmuseum:8080
Adding missing Helm repo: storage.googleapis.com https://storage.googleapis.com/chartmuseum.jenkins-x.io
WARNING: No secrets found on "helm/repos" due: reading the secret "helm/repos" from vault: no secret "helm/repos" not found in vault
Read credentials for https://storage.googleapis.com/chartmuseum.jenkins-x.io from vault helm/repos
Successfully added Helm repository storage.googleapis.com.
Adding missing Helm repo: jenkins-x-chartmuseum http://jenkins-x-chartmuseum:8080
WARNING: No secrets found on "helm/repos" due: reading the secret "helm/repos" from vault: no secret "helm/repos" not found in vault
Read credentials for http://jenkins-x-chartmuseum:8080 from vault helm/repos
Successfully added Helm repository jenkins-x-chartmuseum.
WARNING: No $CHART_REPOSITORY defined so using the default value of: http://jenkins-x-chartmuseum:8080
Adding missing Helm repo: chartmuseum.jenkins-x.io http://chartmuseum.jenkins-x.io
WARNING: No secrets found on "helm/repos" due: reading the secret "helm/repos" from vault: no secret "helm/repos" not found in vault
Read credentials for http://chartmuseum.jenkins-x.io from vault helm/repos
Successfully added Helm repository chartmuseum.jenkins-x.io.
